
/home/runner/work/exp-syntax-and-coding-process-smart-contracts-au/exp-syntax-and-coding-process-smart-contracts-au/experiment/simulation/js/index-75b77b95.js
     57:7   warning  'global' is not defined                                                    no-undef
    148:28  warning  Do not access Object.prototype method 'hasOwnProperty' from target object  no-prototype-builtins
    357:13  warning  Do not access Object.prototype method 'hasOwnProperty' from target object  no-prototype-builtins
    485:37  warning  Do not access Object.prototype method 'hasOwnProperty' from target object  no-prototype-builtins
    576:37  warning  'setImmediate' is not defined                                              no-undef
    834:5   warning  Unexpected combined character in character class                           no-misleading-character-class
    931:12  warning  Unnecessary escape character: \-                                           no-useless-escape
    967:14  warning  Do not access Object.prototype method 'hasOwnProperty' from target object  no-prototype-builtins
   1101:11  warning  Expected a conditional expression and instead saw an assignment            no-cond-assign
   1166:17  warning  Empty block statement                                                      no-empty
   1250:8   warning  Do not access Object.prototype method 'hasOwnProperty' from target object  no-prototype-builtins
   1343:5   warning  Do not access Object.prototype method 'hasOwnProperty' from target object  no-prototype-builtins
   1345:9   warning  Do not access Object.prototype method 'hasOwnProperty' from target object  no-prototype-builtins
   1351:9   warning  Do not access Object.prototype method 'hasOwnProperty' from target object  no-prototype-builtins
   1351:38  warning  Do not access Object.prototype method 'hasOwnProperty' from target object  no-prototype-builtins
   1381:14  warning  Do not access Object.prototype method 'hasOwnProperty' from target object  no-prototype-builtins
   1450:34  warning  'MSApp' is not defined                                                     no-undef
   1452:11  warning  'MSApp' is not defined                                                     no-undef
   1536:51  warning  Do not access Object.prototype method 'hasOwnProperty' from target object  no-prototype-builtins
   1543:11  warning  Do not access Object.prototype method 'hasOwnProperty' from target object  no-prototype-builtins
   1682:7   warning  Expected to return a value in method 'get'                                 getter-return
   1691:22  warning  'r' is defined but never used                                              no-unused-vars
   1691:25  warning  'i' is defined but never used                                              no-unused-vars
   1691:28  warning  'a' is defined but never used                                              no-unused-vars
   1691:31  warning  'u' is defined but never used                                              no-unused-vars
   1691:34  warning  'c' is defined but never used                                              no-unused-vars
   1691:37  warning  'f' is defined but never used                                              no-unused-vars
   1708:13  warning  'e' is defined but never used                                              no-unused-vars
   1708:16  warning  't' is defined but never used                                              no-unused-vars
   1708:19  warning  'n' is defined but never used                                              no-unused-vars
   1708:22  warning  'r' is defined but never used                                              no-unused-vars
   1708:25  warning  'i' is defined but never used                                              no-unused-vars
   1708:28  warning  'a' is defined but never used                                              no-unused-vars
   1708:31  warning  'u' is defined but never used                                              no-unused-vars
   1708:34  warning  'c' is defined but never used                                              no-unused-vars
   1708:37  warning  'f' is defined but never used                                              no-unused-vars
   1711:13  warning  'e' is defined but never used                                              no-unused-vars
   1711:16  warning  't' is defined but never used                                              no-unused-vars
   1711:19  warning  'n' is defined but never used                                              no-unused-vars
   1711:22  warning  'r' is defined but never used                                              no-unused-vars
   1711:25  warning  'i' is defined but never used                                              no-unused-vars
   1711:28  warning  'a' is defined but never used                                              no-unused-vars
   1711:31  warning  'u' is defined but never used                                              no-unused-vars
   1711:34  warning  'c' is defined but never used                                              no-unused-vars
   1711:37  warning  'f' is defined but never used                                              no-unused-vars
   1832:13  warning  Empty block statement                                                      no-empty
   2364:9   warning  Do not access Object.prototype method 'hasOwnProperty' from target object  no-prototype-builtins
   2383:39  warning  Invalid typeof comparison value                                            valid-typeof
   2391:40  warning  Invalid typeof comparison value                                            valid-typeof
   2526:56  warning  Expected a conditional expression and instead saw an assignment            no-cond-assign
   2944:22  warning  Do not access Object.prototype method 'hasOwnProperty' from target object  no-prototype-builtins
   3128:11  warning  Expected a 'break' statement before 'case'                                 no-fallthrough
   3144:11  warning  Expected a 'break' statement before 'case'                                 no-fallthrough
   3236:18  warning  Expected a conditional expression and instead saw an assignment            no-cond-assign
   3336:9   warning  Expected a 'break' statement before 'case'                                 no-fallthrough
   3424:8   warning  Unexpected control character(s) in regular expression: \x00                no-control-regex
   4030:13  warning  Expected a 'break' statement before 'case'                                 no-fallthrough
   4067:14  warning  Unexpected constant condition                                              no-constant-condition
   4105:13  warning  Expected a conditional expression and instead saw an assignment            no-cond-assign
   4158:15  warning  Expected a conditional expression and instead saw an assignment            no-cond-assign
   4570:12  warning  Expected a conditional expression and instead saw an assignment            no-cond-assign
   5013:15  warning  Empty block statement                                                      no-empty
   5014:17  warning  Empty block statement                                                      no-empty
   5459:12  warning  Expected a conditional expression and instead saw an assignment            no-cond-assign
   5503:10  warning  Expected a conditional expression and instead saw an assignment            no-cond-assign
   5963:14  warning  Do not access Object.prototype method 'hasOwnProperty' from target object  no-prototype-builtins
   5963:37  warning  Do not access Object.prototype method 'hasOwnProperty' from target object  no-prototype-builtins
   5966:26  warning  Do not access Object.prototype method 'hasOwnProperty' from target object  no-prototype-builtins
   5973:17  warning  Do not access Object.prototype method 'hasOwnProperty' from target object  no-prototype-builtins
   5980:11  warning  Do not access Object.prototype method 'hasOwnProperty' from target object  no-prototype-builtins
   5985:18  warning  Do not access Object.prototype method 'hasOwnProperty' from target object  no-prototype-builtins
   5986:25  warning  Do not access Object.prototype method 'hasOwnProperty' from target object  no-prototype-builtins
   5989:17  warning  Do not access Object.prototype method 'hasOwnProperty' from target object  no-prototype-builtins
   6003:19  warning  Do not access Object.prototype method 'hasOwnProperty' from target object  no-prototype-builtins
   6141:19  warning  Do not access Object.prototype method 'hasOwnProperty' from target object  no-prototype-builtins
   6154:22  warning  Do not access Object.prototype method 'hasOwnProperty' from target object  no-prototype-builtins
   6239:21  warning  Do not access Object.prototype method 'hasOwnProperty' from target object  no-prototype-builtins
   6252:25  warning  Do not access Object.prototype method 'hasOwnProperty' from target object  no-prototype-builtins
   6764:13  warning  Empty block statement                                                      no-empty
   6768:5   warning  Expected a 'break' statement before 'case'                                 no-fallthrough
   7076:40  warning  Do not access Object.prototype method 'hasOwnProperty' from target object  no-prototype-builtins
   7155:16  warning  't' is defined but never used                                              no-unused-vars
   7155:19  warning  'n' is defined but never used                                              no-unused-vars
   7158:16  warning  't' is defined but never used                                              no-unused-vars
   7158:19  warning  'n' is defined but never used                                              no-unused-vars
   7469:12  warning  Unexpected constant condition                                              no-constant-condition
   7820:12  warning  Unexpected constant condition                                              no-constant-condition
   7842:10  warning  Unexpected constant condition                                              no-constant-condition
   8068:19  warning  Empty block statement                                                      no-empty
   8890:1   warning  'oC' is a function                                                         no-func-assign
   8891:1   warning  'aC' is a function                                                         no-func-assign
   8926:12  warning  '__REACT_DEVTOOLS_GLOBAL_HOOK__' is not defined                            no-undef
   8930:13  warning  Empty block statement                                                      no-empty
   9022:14  warning  '__REACT_DEVTOOLS_GLOBAL_HOOK__' is not defined                            no-undef
   9026:7   warning  '__REACT_DEVTOOLS_GLOBAL_HOOK__' is not defined                            no-undef
   9214:20  warning  'c' is assigned a value but never used                                     no-unused-vars
   9221:20  warning  'g' is assigned a value but never used                                     no-unused-vars
   9239:6   warning  'Vt' is a function                                                         no-func-assign
   9719:11  warning  Unsafe usage of ReturnStatement                                            no-unsafe-finally
   9721:16  warning  Unsafe usage of ThrowStatement                                             no-unsafe-finally
   9755:6   warning  'yt' is a function                                                         no-func-assign
  10902:18  warning  't' is defined but never used                                              no-unused-vars
  10903:13  warning  'e' is defined but never used                                              no-unused-vars
  10903:16  warning  't' is defined but never used                                              no-unused-vars
  10904:13  warning  'e' is defined but never used                                              no-unused-vars
  10904:16  warning  't' is defined but never used                                              no-unused-vars
  11693:35  warning  'global' is not defined                                                    no-undef
  11694:9   warning  'global' is not defined                                                    no-undef
  12080:6   warning  'jg' is a function                                                         no-func-assign
  12099:6   warning  'Kd' is a function                                                         no-func-assign
  12339:5   warning  Expected a 'break' statement before 'case'                                 no-fallthrough
  12341:5   warning  Expected a 'break' statement before 'case'                                 no-fallthrough
  13111:7   warning  Expected a 'break' statement before 'case'                                 no-fallthrough
  13137:7   warning  Expected a 'break' statement before 'case'                                 no-fallthrough
  13144:11  warning  Expected a 'break' statement before 'case'                                 no-fallthrough
  13157:11  warning  Expected a 'break' statement before 'default'                              no-fallthrough
  13192:7   warning  Expected a 'break' statement before 'default'                              no-fallthrough
  13240:5   warning  Expected a 'break' statement before 'case'                                 no-fallthrough
  13305:26  warning  Unnecessary escape character: \:                                           no-useless-escape
  13426:17  warning  'z' is assigned a value but never used                                     no-unused-vars
  13860:55  warning  'r' is assigned a value but never used                                     no-unused-vars
  14307:23  warning  'r' is already defined                                                     no-redeclare
  14473:23  warning  'r' is already defined                                                     no-redeclare
  15421:13  warning  'e' is defined but never used                                              no-unused-vars
  15549:23  warning  'r' is already defined                                                     no-redeclare
  15575:40  warning  'n' is assigned a value but never used                                     no-unused-vars
  15835:3   warning  'qs' is a function                                                         no-func-assign
  15865:5   warning  'd' is a function                                                          no-func-assign
  16269:9   warning  Empty block statement                                                      no-empty
  16290:13  warning  'e' is defined but never used                                              no-unused-vars
  16295:6   warning  'e0' is a function                                                         no-func-assign
  16322:13  warning  'e' is defined but never used                                              no-unused-vars
  16327:6   warning  't0' is a function                                                         no-func-assign
  16340:15  warning  Expected a 'break' statement before 'case'                                 no-fallthrough
  16636:23  warning  'r' is already defined                                                     no-redeclare
  17328:23  warning  'r' is already defined                                                     no-redeclare
  17520:16  warning  't' is defined but never used                                              no-unused-vars
  18277:23  warning  Unnecessary escape character: \%                                           no-useless-escape
  18366:13  warning  'Ai' is assigned a value but never used                                    no-unused-vars
  18367:11  warning  'Iu' is assigned a value but never used                                    no-unused-vars
  18623:13  warning  'v' is assigned a value but never used                                     no-unused-vars
  19772:23  warning  'r' is already defined                                                     no-redeclare
  20007:16  warning  Unsafe usage of ThrowStatement                                             no-unsafe-finally
  21161:47  warning  Do not access Object.prototype method 'hasOwnProperty' from target object  no-prototype-builtins
  21228:25  warning  Do not access Object.prototype method 'hasOwnProperty' from target object  no-prototype-builtins
  21859:13  warning  'n' is already defined                                                     no-redeclare
  22114:17  warning  'C' is already defined                                                     no-redeclare
  22286:33  warning  Unexpected comma in middle of array                                        no-sparse-arrays
  22295:17  warning  Expected a 'break' statement before 'case'                                 no-fallthrough
  22413:5   warning  'e2' is defined but never used                                             no-unused-vars
  22416:58  warning  'global' is not defined                                                    no-undef
  22447:24  warning  'UB' is assigned a value but never used                                    no-unused-vars
  22941:6   warning  'ip' is a function                                                         no-func-assign
  23033:16  warning  Unsafe usage of ThrowStatement                                             no-unsafe-finally
  23075:9   warning  Empty block statement                                                      no-empty
  23110:13  warning  Unreachable code                                                           no-unreachable
  23200:37  warning  Unnecessary escape character: \-                                           no-useless-escape
  23200:39  warning  Unnecessary escape character: \ .                                          no-useless-escape
  24785:7   warning  Expected method 'get' to always return a value                             getter-return
  25021:30  warning  'i' is defined but never used                                              no-unused-vars
  25369:11  warning  Empty block statement                                                      no-empty
  26232:6   warning  'lp' is a function                                                         no-func-assign
  26380:25  warning  Unnecessary escape character: \-                                           no-useless-escape
  26441:9   warning  Empty block statement                                                      no-empty
  26490:23  warning  Do not access Object.prototype method 'hasOwnProperty' from target object  no-prototype-builtins
  26707:12  warning  Unexpected control character(s) in regular expression: \x00                no-control-regex
  26708:20  warning  Unnecessary escape character: \[                                           no-useless-escape
  26708:24  warning  Unnecessary escape character: \/                                           no-useless-escape
  27092:17  warning  Empty block statement                                                      no-empty
  27430:21  warning  Empty block statement                                                      no-empty
  28244:38  warning  'P' is defined but never used                                              no-unused-vars
  28244:41  warning  'I' is defined but never used                                              no-unused-vars
  28962:31  warning  Unexpected comma in middle of array                                        no-sparse-arrays
  29065:13  warning  Expected a 'break' statement before 'case'                                 no-fallthrough
  29080:13  warning  Expected a 'break' statement before 'case'                                 no-fallthrough
  29195:19  warning  Empty block statement                                                      no-empty
  29541:21  warning  Empty block statement                                                      no-empty
  29544:21  warning  Empty block statement                                                      no-empty
  31754:21  warning  'i' is assigned a value but never used                                     no-unused-vars
  31766:15  warning  'E' is defined but never used                                              no-unused-vars

✖ 180 problems (0 errors, 180 warnings)

